[2024-06-15 20:57:02.337741]: [INFO] Config positive-path: ['data/Tx/cleaned']
[2024-06-15 20:57:02.337751]: [INFO] Config negative-path: ['data/tcvhcw/cleaned']
[2024-06-15 20:57:02.337756]: [INFO] Config output-path: results/atchley/kfold-0
[2024-06-15 20:57:02.337761]: [INFO] Config epoch: 50
[2024-06-15 20:57:02.337766]: [INFO] Config lr: 0.001
[2024-06-15 20:57:02.337770]: [INFO] Config kfold: 0
[2024-06-15 20:57:02.337774]: [INFO] Config train-split: 0.8
[2024-06-15 20:57:02.337778]: [INFO] Config accummulation: 4
[2024-06-15 20:57:02.337781]: [INFO] Config l2-penalty: 0
[2024-06-15 20:57:02.337785]: [INFO] Config encoding: atchley
[2024-06-15 20:57:02.337788]: [INFO] Config reduction: 
[2024-06-15 20:57:02.337792]: [INFO] Config seed: 42
[2024-06-15 20:57:02.337797]: [INFO] Config encoding-method: <embed.physicochemical.PhysicoChemicalEncoder object at 0x7f141e6561d0>
[2024-06-15 20:57:02.337802]: [INFO] Arguments: python training/trainer.py -l atchley-kfold0.log -c configs/config.json
[2024-06-15 20:57:02.376408]: Torch CUDA Device Count: 1
[2024-06-15 20:57:02.377045]: CUDA Device 0: NVIDIA GeForce RTX 3090 Ti
[2024-06-15 20:57:02.992226]: [INFO] Training Data: 88 Entries
[2024-06-15 20:57:02.992234]: [INFO] Validation Data: 23 Entries
[2024-06-15 20:57:02.992239]: [INFO] Testing Data: 29 Entries
[2024-06-15 20:57:02.992242]: Data loaded.  Commencing Training.
[2024-06-15 20:57:02.993108]: Epoch 0 / 50 - Training
[2024-06-15 20:57:03.056902]: Processing File 0 / 88.  True Label 0
[2024-06-15 20:57:17.795357]: File 0 / 88: Predicted Value: 0.4904152750968933 ; True Value: 0
[2024-06-15 20:57:17.795382]: File 0 / 88: Loss: 0.6741591691970825
[2024-06-15 20:57:17.805844]: Projected Completion Date: 2024-06-17 01:45:17.970724
[2024-06-15 20:57:17.805860]: Percentage Done: 0.01429%
[2024-06-15 20:57:17.903677]: Processing File 1 / 88.  True Label 0
[2024-06-15 20:57:40.212273]: File 1 / 88: Predicted Value: 0.501248836517334 ; True Value: 0
[2024-06-15 20:57:40.212324]: File 1 / 88: Loss: 0.6956479549407959
[2024-06-15 20:57:40.212958]: Projected Completion Date: 2024-06-17 09:08:15.394773
[2024-06-15 20:57:40.212977]: Percentage Done: 0.02857%
[2024-06-15 20:57:40.279758]: Processing File 2 / 88.  True Label 0
[2024-06-15 20:57:53.222483]: File 2 / 88: Predicted Value: 0.4933807849884033 ; True Value: 0
[2024-06-15 20:57:53.222515]: File 2 / 88: Loss: 0.679995596408844
[2024-06-15 20:57:53.223015]: Projected Completion Date: 2024-06-17 05:30:28.080227
[2024-06-15 20:57:53.223026]: Percentage Done: 0.04286%
[2024-06-15 20:57:53.270994]: Processing File 3 / 88.  True Label 0
[2024-06-15 20:58:02.131078]: File 3 / 88: Predicted Value: 0.4883013069629669 ; True Value: 0
[2024-06-15 20:58:02.131103]: File 3 / 88: Loss: 0.6700193285942078
[2024-06-15 20:58:02.131925]: Updating Network
[2024-06-15 20:58:02.131944]: Accummulated Losses (Unnormalised): [0.6742, 0.6956, 0.68, 0.67]
[2024-06-15 20:58:02.131987]: Accummulated Losses (Averaged): 0.6799555122852325
[2024-06-15 20:58:02.145510]: Projected Completion Date: 2024-06-17 01:42:21.158850
[2024-06-15 20:58:02.145522]: Percentage Done: 0.05714%
[2024-06-15 20:58:02.187803]: Processing File 4 / 88.  True Label 0
[2024-06-15 20:58:10.379888]: File 4 / 88: Predicted Value: 0.48770567774772644 ; True Value: 0
[2024-06-15 20:58:10.379911]: File 4 / 88: Loss: 0.6688559651374817
[2024-06-15 20:58:10.380413]: Projected Completion Date: 2024-06-16 23:09:26.397208
[2024-06-15 20:58:10.380427]: Percentage Done: 0.07143%
[2024-06-15 20:58:10.413761]: Processing File 5 / 88.  True Label 1
[2024-06-15 20:58:18.094755]: File 5 / 88: Predicted Value: 0.4844713509082794 ; True Value: 1
[2024-06-15 20:58:18.094779]: File 5 / 88: Loss: 0.7246969938278198
[2024-06-15 20:58:18.095523]: Projected Completion Date: 2024-06-16 21:17:23.443937
[2024-06-15 20:58:18.095544]: Percentage Done: 0.08571%
[2024-06-15 20:58:18.141582]: Processing File 6 / 88.  True Label 1
[2024-06-15 20:58:26.546618]: File 6 / 88: Predicted Value: 0.49092981219291687 ; True Value: 1
[2024-06-15 20:58:26.546646]: File 6 / 88: Loss: 0.7114540934562683
[2024-06-15 20:58:26.547419]: Projected Completion Date: 2024-06-16 20:09:38.149670
[2024-06-15 20:58:26.547430]: Percentage Done: 0.1%
[2024-06-15 20:58:26.596495]: Processing File 7 / 88.  True Label 1
[2024-06-15 20:58:36.439601]: File 7 / 88: Predicted Value: 0.4871417284011841 ; True Value: 1
[2024-06-15 20:58:36.439629]: File 7 / 88: Loss: 0.7192001938819885
[2024-06-15 20:58:36.440396]: Updating Network
[2024-06-15 20:58:36.440415]: Accummulated Losses (Unnormalised): [0.6689, 0.7247, 0.7115, 0.7192]
[2024-06-15 20:58:36.440460]: Accummulated Losses (Averaged): 0.7060518115758896
[2024-06-15 20:58:36.441198]: Projected Completion Date: 2024-06-16 19:39:50.806853
[2024-06-15 20:58:36.441209]: Percentage Done: 0.11429%
[2024-06-15 20:58:36.458600]: Processing File 8 / 88.  True Label 1
[2024-06-15 20:58:39.012798]: File 8 / 88: Predicted Value: 0.48279908299446106 ; True Value: 1
[2024-06-15 20:58:39.012822]: File 8 / 88: Loss: 0.728154718875885
[2024-06-15 20:58:39.013706]: Projected Completion Date: 2024-06-16 17:41:46.324294
[2024-06-15 20:58:39.013730]: Percentage Done: 0.12857%
[2024-06-15 20:58:39.086265]: Processing File 9 / 88.  True Label 1
[2024-06-15 20:58:54.363168]: File 9 / 88: Predicted Value: 0.4893319010734558 ; True Value: 1
[2024-06-15 20:58:54.363221]: File 9 / 88: Loss: 0.7147142887115479
[2024-06-15 20:58:54.363841]: Projected Completion Date: 2024-06-16 18:36:23.092326
[2024-06-15 20:58:54.363860]: Percentage Done: 0.14286%
[2024-06-15 20:58:54.406151]: Processing File 10 / 88.  True Label 0
[2024-06-15 20:59:01.921439]: File 10 / 88: Predicted Value: 0.49230140447616577 ; True Value: 0
[2024-06-15 20:59:01.921468]: File 10 / 88: Loss: 0.6778673529624939
[2024-06-15 20:59:01.921934]: Projected Completion Date: 2024-06-16 17:58:25.511704
[2024-06-15 20:59:01.921946]: Percentage Done: 0.15714%
[2024-06-15 20:59:01.928635]: Processing File 11 / 88.  True Label 1
[2024-06-15 20:59:02.567997]: File 11 / 88: Predicted Value: 0.4777495861053467 ; True Value: 1
[2024-06-15 20:59:02.568037]: File 11 / 88: Loss: 0.7386685609817505
[2024-06-15 20:59:02.569643]: Updating Network
[2024-06-15 20:59:02.569667]: Accummulated Losses (Unnormalised): [0.7282, 0.7147, 0.6779, 0.7387]
[2024-06-15 20:59:02.569714]: Accummulated Losses (Averaged): 0.7148512303829193
[2024-06-15 20:59:02.571217]: Projected Completion Date: 2024-06-16 16:19:37.376923
[2024-06-15 20:59:02.571235]: Percentage Done: 0.17143%
[2024-06-15 20:59:02.631381]: Processing File 12 / 88.  True Label 0
[2024-06-15 20:59:11.877336]: File 12 / 88: Predicted Value: 0.49239277839660645 ; True Value: 0
[2024-06-15 20:59:11.877366]: File 12 / 88: Loss: 0.6780472993850708
[2024-06-15 20:59:11.877820]: Projected Completion Date: 2024-06-16 16:13:42.908418
[2024-06-15 20:59:11.877831]: Percentage Done: 0.18571%
[2024-06-15 20:59:11.955713]: Processing File 13 / 88.  True Label 0
[2024-06-15 20:59:29.569027]: File 13 / 88: Predicted Value: 0.49893414974212646 ; True Value: 0
[2024-06-15 20:59:29.569079]: File 13 / 88: Loss: 0.691017746925354
[2024-06-15 20:59:29.569705]: Projected Completion Date: 2024-06-16 17:18:31.709159
[2024-06-15 20:59:29.569723]: Percentage Done: 0.2%
[2024-06-15 20:59:29.594611]: Processing File 14 / 88.  True Label 1
[2024-06-15 20:59:33.262844]: File 14 / 88: Predicted Value: 0.48540082573890686 ; True Value: 1
[2024-06-15 20:59:33.262866]: File 14 / 88: Loss: 0.7227802872657776
[2024-06-15 20:59:33.263337]: Projected Completion Date: 2024-06-16 16:25:49.495810
[2024-06-15 20:59:33.263347]: Percentage Done: 0.21429%
[2024-06-15 20:59:33.265984]: Processing File 15 / 88.  True Label 1
[2024-06-15 20:59:33.443907]: File 15 / 88: Predicted Value: 0.47603559494018555 ; True Value: 1
[2024-06-15 20:59:33.443947]: File 15 / 88: Loss: 0.7422626614570618
[2024-06-15 20:59:33.444496]: Updating Network
[2024-06-15 20:59:33.444535]: Accummulated Losses (Unnormalised): [0.678, 0.691, 0.7228, 0.7423]
[2024-06-15 20:59:33.444576]: Accummulated Losses (Averaged): 0.708526998758316
[2024-06-15 20:59:33.444944]: Projected Completion Date: 2024-06-16 15:14:06.042611
[2024-06-15 20:59:33.444956]: Percentage Done: 0.22857%
[2024-06-15 20:59:33.453212]: Processing File 16 / 88.  True Label 1
[2024-06-15 20:59:34.985064]: File 16 / 88: Predicted Value: 0.481431782245636 ; True Value: 1
[2024-06-15 20:59:34.985086]: File 16 / 88: Loss: 0.7309907674789429
[2024-06-15 20:59:34.985471]: Projected Completion Date: 2024-06-16 14:20:08.433163
[2024-06-15 20:59:34.985480]: Percentage Done: 0.24286%
[2024-06-15 20:59:35.015179]: Processing File 17 / 88.  True Label 0
[2024-06-15 20:59:41.191541]: File 17 / 88: Predicted Value: 0.48656025528907776 ; True Value: 0
[2024-06-15 20:59:41.191580]: File 17 / 88: Loss: 0.6666225790977478
[2024-06-15 20:59:41.192032]: Projected Completion Date: 2024-06-16 14:02:25.125848
[2024-06-15 20:59:41.192043]: Percentage Done: 0.25714%
[2024-06-15 20:59:41.252850]: Processing File 18 / 88.  True Label 0
[2024-06-15 20:59:53.279041]: File 18 / 88: Predicted Value: 0.49208831787109375 ; True Value: 0
[2024-06-15 20:59:53.279092]: File 18 / 88: Loss: 0.6774476766586304
[2024-06-15 20:59:53.279623]: Projected Completion Date: 2024-06-16 14:22:40.438103
[2024-06-15 20:59:53.279643]: Percentage Done: 0.27143%
[2024-06-15 20:59:53.373415]: Processing File 19 / 88.  True Label 0
[2024-06-15 21:00:14.769930]: File 19 / 88: Predicted Value: 0.4936944842338562 ; True Value: 0
[2024-06-15 21:00:14.769981]: File 19 / 88: Loss: 0.6806150078773499
[2024-06-15 21:00:14.770556]: Updating Network
[2024-06-15 21:00:14.770583]: Accummulated Losses (Unnormalised): [0.731, 0.6666, 0.6774, 0.6806]
[2024-06-15 21:00:14.770648]: Accummulated Losses (Averaged): 0.6889190077781677
[2024-06-15 21:00:14.772430]: Projected Completion Date: 2024-06-16 15:35:46.046978
[2024-06-15 21:00:14.772449]: Percentage Done: 0.28571%
[2024-06-15 21:00:14.806825]: Processing File 20 / 88.  True Label 0
[2024-06-15 21:00:20.513846]: File 20 / 88: Predicted Value: 0.4848889410495758 ; True Value: 0
[2024-06-15 21:00:20.513884]: File 20 / 88: Loss: 0.6633727550506592
[2024-06-15 21:00:20.514329]: Projected Completion Date: 2024-06-16 15:14:23.681826
[2024-06-15 21:00:20.514340]: Percentage Done: 0.3%
[2024-06-15 21:00:20.549962]: Processing File 21 / 88.  True Label 0
[2024-06-15 21:00:28.434458]: File 21 / 88: Predicted Value: 0.4874824583530426 ; True Value: 0
[2024-06-15 21:00:28.434486]: File 21 / 88: Loss: 0.6684203147888184
[2024-06-15 21:00:28.434950]: Projected Completion Date: 2024-06-16 15:06:31.120547
[2024-06-15 21:00:28.434960]: Percentage Done: 0.31429%
[2024-06-15 21:00:28.489081]: Processing File 22 / 88.  True Label 0
[2024-06-15 21:00:41.110078]: File 22 / 88: Predicted Value: 0.48838362097740173 ; True Value: 0
[2024-06-15 21:00:41.110108]: File 22 / 88: Loss: 0.6701802015304565
[2024-06-15 21:00:41.110709]: Projected Completion Date: 2024-06-16 15:23:26.862870
[2024-06-15 21:00:41.110730]: Percentage Done: 0.32857%
[2024-06-15 21:00:41.175988]: Processing File 23 / 88.  True Label 0
[2024-06-15 21:00:53.885072]: File 23 / 88: Predicted Value: 0.4929661750793457 ; True Value: 0
[2024-06-15 21:00:53.885101]: File 23 / 88: Loss: 0.6791775822639465
[2024-06-15 21:00:53.885564]: Updating Network
[2024-06-15 21:00:53.885582]: Accummulated Losses (Unnormalised): [0.6634, 0.6684, 0.6702, 0.6792]
[2024-06-15 21:00:53.885629]: Accummulated Losses (Averaged): 0.6702877134084702
[2024-06-15 21:00:53.886027]: Projected Completion Date: 2024-06-16 15:39:27.006544
[2024-06-15 21:00:53.886039]: Percentage Done: 0.34286%
[2024-06-15 21:00:53.976596]: Processing File 24 / 88.  True Label 0
[2024-06-15 21:01:16.080527]: File 24 / 88: Predicted Value: 0.4939129650592804 ; True Value: 0
[2024-06-15 21:01:16.080553]: File 24 / 88: Loss: 0.6810466051101685
[2024-06-15 21:01:16.081083]: Projected Completion Date: 2024-06-16 16:38:07.860974
[2024-06-15 21:01:16.081095]: Percentage Done: 0.35714%
[2024-06-15 21:01:16.178919]: Processing File 25 / 88.  True Label 0
[2024-06-15 21:01:40.158061]: File 25 / 88: Predicted Value: 0.4962710738182068 ; True Value: 0
[2024-06-15 21:01:40.158085]: File 25 / 88: Loss: 0.685716986656189
[2024-06-15 21:01:40.158623]: Projected Completion Date: 2024-06-16 17:40:44.703694
[2024-06-15 21:01:40.158635]: Percentage Done: 0.37143%
[2024-06-15 21:01:40.165780]: Processing File 26 / 88.  True Label 1
[2024-06-15 21:01:40.653772]: File 26 / 88: Predicted Value: 0.48062843084335327 ; True Value: 1
[2024-06-15 21:01:40.653788]: File 26 / 88: Loss: 0.7326608300209045
[2024-06-15 21:01:40.654354]: Projected Completion Date: 2024-06-16 16:56:49.460350
[2024-06-15 21:01:40.654363]: Percentage Done: 0.38571%
[2024-06-15 21:01:40.730403]: Processing File 27 / 88.  True Label 0
[2024-06-15 21:02:00.033518]: File 27 / 88: Predicted Value: 0.4909323453903198 ; True Value: 0
[2024-06-15 21:02:00.033544]: File 27 / 88: Loss: 0.675174355506897
[2024-06-15 21:02:00.034081]: Updating Network
[2024-06-15 21:02:00.034098]: Accummulated Losses (Unnormalised): [0.681, 0.6857, 0.7327, 0.6752]
[2024-06-15 21:02:00.034146]: Accummulated Losses (Averaged): 0.6936496943235397
[2024-06-15 21:02:00.036098]: Projected Completion Date: 2024-06-16 17:34:43.951037
[2024-06-15 21:02:00.036107]: Percentage Done: 0.4%
[2024-06-15 21:02:00.074320]: Processing File 28 / 88.  True Label 0
[2024-06-15 21:02:08.648415]: File 28 / 88: Predicted Value: 0.48846620321273804 ; True Value: 0
[2024-06-15 21:02:08.648451]: File 28 / 88: Loss: 0.6703416109085083
[2024-06-15 21:02:08.648954]: Projected Completion Date: 2024-06-16 17:26:42.192620
[2024-06-15 21:02:08.648964]: Percentage Done: 0.41429%
[2024-06-15 21:02:08.710379]: Processing File 29 / 88.  True Label 1
[2024-06-15 21:02:23.304190]: File 29 / 88: Predicted Value: 0.4885960519313812 ; True Value: 1
[2024-06-15 21:02:23.304214]: File 29 / 88: Loss: 0.7162191867828369
[2024-06-15 21:02:23.304739]: Projected Completion Date: 2024-06-16 17:42:42.569460
[2024-06-15 21:02:23.304752]: Percentage Done: 0.42857%
[2024-06-15 21:02:23.383708]: Processing File 30 / 88.  True Label 0
[2024-06-15 21:02:42.419164]: File 30 / 88: Predicted Value: 0.4920252859592438 ; True Value: 0
[2024-06-15 21:02:42.419189]: File 30 / 88: Loss: 0.677323579788208
[2024-06-15 21:02:42.419746]: Projected Completion Date: 2024-06-16 18:14:27.906921
[2024-06-15 21:02:42.419757]: Percentage Done: 0.44286%
[2024-06-15 21:02:42.454917]: Processing File 31 / 88.  True Label 0
[2024-06-15 21:02:49.347303]: File 31 / 88: Predicted Value: 0.49078506231307983 ; True Value: 0
[2024-06-15 21:02:49.347329]: File 31 / 88: Loss: 0.674885094165802
[2024-06-15 21:02:49.347846]: Updating Network
[2024-06-15 21:02:49.347863]: Accummulated Losses (Unnormalised): [0.6703, 0.7162, 0.6773, 0.6749]
[2024-06-15 21:02:49.347898]: Accummulated Losses (Averaged): 0.6846923679113388
[2024-06-15 21:02:49.348265]: Projected Completion Date: 2024-06-16 17:59:48.368486
[2024-06-15 21:02:49.348273]: Percentage Done: 0.45714%
[2024-06-15 21:02:49.353575]: Processing File 32 / 88.  True Label 1
[2024-06-15 21:02:49.967870]: File 32 / 88: Predicted Value: 0.4767035245895386 ; True Value: 1
[2024-06-15 21:02:49.967887]: File 32 / 88: Loss: 0.7408605217933655
[2024-06-15 21:02:49.968307]: Projected Completion Date: 2024-06-16 17:23:43.970910
[2024-06-15 21:02:49.968317]: Percentage Done: 0.47143%
[2024-06-15 21:02:49.984679]: Processing File 33 / 88.  True Label 0
[2024-06-15 21:02:53.193006]: File 33 / 88: Predicted Value: 0.4881432354450226 ; True Value: 0
[2024-06-15 21:02:53.193026]: File 33 / 88: Loss: 0.6697104573249817
[2024-06-15 21:02:53.193532]: Projected Completion Date: 2024-06-16 16:58:43.253151
[2024-06-15 21:02:53.193543]: Percentage Done: 0.48571%
[2024-06-15 21:02:53.239655]: Processing File 34 / 88.  True Label 0
[2024-06-15 21:03:03.801483]: File 34 / 88: Predicted Value: 0.4901330769062042 ; True Value: 0
[2024-06-15 21:03:03.801508]: File 34 / 88: Loss: 0.6736055016517639
[2024-06-15 21:03:03.802022]: Projected Completion Date: 2024-06-16 16:59:44.943598
[2024-06-15 21:03:03.802034]: Percentage Done: 0.5%
[2024-06-15 21:03:03.810475]: Processing File 35 / 88.  True Label 1
[2024-06-15 21:03:05.121417]: File 35 / 88: Predicted Value: 0.47756266593933105 ; True Value: 1
[2024-06-15 21:03:05.121440]: File 35 / 88: Loss: 0.7390598654747009
[2024-06-15 21:03:05.121909]: Updating Network
[2024-06-15 21:03:05.121925]: Accummulated Losses (Unnormalised): [0.7409, 0.6697, 0.6736, 0.7391]
[2024-06-15 21:03:05.121953]: Accummulated Losses (Averaged): 0.705809086561203
[2024-06-15 21:03:05.123416]: Projected Completion Date: 2024-06-16 16:30:37.383500
[2024-06-15 21:03:05.123426]: Percentage Done: 0.51429%
[2024-06-15 21:03:05.130719]: Processing File 36 / 88.  True Label 1
[2024-06-15 21:03:06.443025]: File 36 / 88: Predicted Value: 0.47633054852485657 ; True Value: 1
[2024-06-15 21:03:06.443042]: File 36 / 88: Loss: 0.7416432499885559
[2024-06-15 21:03:06.443496]: Projected Completion Date: 2024-06-16 16:03:04.036310
[2024-06-15 21:03:06.443507]: Percentage Done: 0.52857%
[2024-06-15 21:03:06.480640]: Processing File 37 / 88.  True Label 0
[2024-06-15 21:03:14.546502]: File 37 / 88: Predicted Value: 0.48889636993408203 ; True Value: 0
[2024-06-15 21:03:14.546529]: File 37 / 88: Loss: 0.6711829304695129
[2024-06-15 21:03:14.547069]: Projected Completion Date: 2024-06-16 15:57:47.298001
[2024-06-15 21:03:14.547081]: Percentage Done: 0.54286%
[2024-06-15 21:03:14.567072]: Processing File 38 / 88.  True Label 1
[2024-06-15 21:03:18.470070]: File 38 / 88: Predicted Value: 0.4839167594909668 ; True Value: 1
[2024-06-15 21:03:18.470089]: File 38 / 88: Loss: 0.7258423566818237
[2024-06-15 21:03:18.470602]: Projected Completion Date: 2024-06-16 15:40:16.539880
[2024-06-15 21:03:18.470612]: Percentage Done: 0.55714%
[2024-06-15 21:03:18.511284]: Processing File 39 / 88.  True Label 0
[2024-06-15 21:03:28.284757]: File 39 / 88: Predicted Value: 0.4967953562736511 ; True Value: 0
[2024-06-15 21:03:28.284784]: File 39 / 88: Loss: 0.6867583394050598
[2024-06-15 21:03:28.285307]: Updating Network
[2024-06-15 21:03:28.285324]: Accummulated Losses (Unnormalised): [0.7416, 0.6712, 0.7258, 0.6868]
[2024-06-15 21:03:28.285365]: Accummulated Losses (Averaged): 0.7063567191362381
[2024-06-15 21:03:28.286017]: Projected Completion Date: 2024-06-16 15:40:49.399381
[2024-06-15 21:03:28.286026]: Percentage Done: 0.57143%
[2024-06-15 21:03:28.339016]: Processing File 40 / 88.  True Label 0
[2024-06-15 21:03:39.936299]: File 40 / 88: Predicted Value: 0.49066275358200073 ; True Value: 0
[2024-06-15 21:03:39.936327]: File 40 / 88: Loss: 0.674644947052002
[2024-06-15 21:03:39.936845]: Projected Completion Date: 2024-06-16 15:46:34.017789
[2024-06-15 21:03:39.936857]: Percentage Done: 0.58571%
[2024-06-15 21:03:39.964134]: Processing File 41 / 88.  True Label 0
[2024-06-15 21:03:45.278442]: File 41 / 88: Predicted Value: 0.48720189929008484 ; True Value: 0
[2024-06-15 21:03:45.278465]: File 41 / 88: Loss: 0.6678730845451355
[2024-06-15 21:03:45.278984]: Projected Completion Date: 2024-06-16 15:34:30.778721
[2024-06-15 21:03:45.278995]: Percentage Done: 0.6%
[2024-06-15 21:03:45.296228]: Processing File 42 / 88.  True Label 1
[2024-06-15 21:03:48.676527]: File 42 / 88: Predicted Value: 0.4785211682319641 ; True Value: 1
[2024-06-15 21:03:48.676546]: File 42 / 88: Loss: 0.7370548248291016
[2024-06-15 21:03:48.677046]: Projected Completion Date: 2024-06-16 15:17:44.700755
[2024-06-15 21:03:48.677056]: Percentage Done: 0.61429%
[2024-06-15 21:03:48.686479]: Processing File 43 / 88.  True Label 1
[2024-06-15 21:03:50.491320]: File 43 / 88: Predicted Value: 0.47839757800102234 ; True Value: 1
[2024-06-15 21:03:50.491336]: File 43 / 88: Loss: 0.7373131513595581
[2024-06-15 21:03:50.491797]: Updating Network
[2024-06-15 21:03:50.491812]: Accummulated Losses (Unnormalised): [0.6746, 0.6679, 0.7371, 0.7373]
[2024-06-15 21:03:50.491840]: Accummulated Losses (Averaged): 0.7042215019464493
[2024-06-15 21:03:50.492186]: Projected Completion Date: 2024-06-16 14:57:32.526208
[2024-06-15 21:03:50.492194]: Percentage Done: 0.62857%
[2024-06-15 21:03:50.546146]: Processing File 44 / 88.  True Label 0
[2024-06-15 21:04:02.954158]: File 44 / 88: Predicted Value: 0.48608121275901794 ; True Value: 0
[2024-06-15 21:04:02.954189]: File 44 / 88: Loss: 0.665690004825592
[2024-06-15 21:04:02.954707]: Projected Completion Date: 2024-06-16 15:05:50.483027
[2024-06-15 21:04:02.954718]: Percentage Done: 0.64286%
[2024-06-15 21:04:03.005033]: Processing File 45 / 88.  True Label 0
[2024-06-15 21:04:14.536398]: File 45 / 88: Predicted Value: 0.49032536149024963 ; True Value: 0
[2024-06-15 21:04:14.536425]: File 45 / 88: Loss: 0.6739827394485474
[2024-06-15 21:04:14.536946]: Projected Completion Date: 2024-06-16 15:11:32.834946
[2024-06-15 21:04:14.536958]: Percentage Done: 0.65714%
[2024-06-15 21:04:14.570755]: Processing File 46 / 88.  True Label 0
[2024-06-15 21:04:21.458978]: File 46 / 88: Predicted Value: 0.4855649173259735 ; True Value: 0
[2024-06-15 21:04:21.459002]: File 46 / 88: Loss: 0.6646859049797058
[2024-06-15 21:04:21.459540]: Projected Completion Date: 2024-06-16 15:05:26.628863
[2024-06-15 21:04:21.459551]: Percentage Done: 0.67143%
[2024-06-15 21:04:21.506534]: Processing File 47 / 88.  True Label 0
[2024-06-15 21:04:32.508556]: File 47 / 88: Predicted Value: 0.4871430993080139 ; True Value: 0
[2024-06-15 21:04:32.508579]: File 47 / 88: Loss: 0.6677584052085876
[2024-06-15 21:04:32.509082]: Updating Network
[2024-06-15 21:04:32.509100]: Accummulated Losses (Unnormalised): [0.6657, 0.674, 0.6647, 0.6678]
[2024-06-15 21:04:32.509145]: Accummulated Losses (Averaged): 0.6680292636156082
[2024-06-15 21:04:32.510877]: Projected Completion Date: 2024-06-16 15:09:37.789957
[2024-06-15 21:04:32.510887]: Percentage Done: 0.68571%
[2024-06-15 21:04:32.564884]: Processing File 48 / 88.  True Label 0
[2024-06-15 21:04:44.778186]: File 48 / 88: Predicted Value: 0.48813727498054504 ; True Value: 0
[2024-06-15 21:04:44.778211]: File 48 / 88: Loss: 0.6696988344192505
[2024-06-15 21:04:44.778680]: Projected Completion Date: 2024-06-16 15:16:32.480667
[2024-06-15 21:04:44.778690]: Percentage Done: 0.7%
[2024-06-15 21:04:44.810533]: Processing File 49 / 88.  True Label 0
[2024-06-15 21:04:51.707104]: File 49 / 88: Predicted Value: 0.48345836997032166 ; True Value: 0
[2024-06-15 21:04:51.707137]: File 49 / 88: Loss: 0.660599410533905
[2024-06-15 21:04:51.707601]: Projected Completion Date: 2024-06-16 15:10:43.140033
[2024-06-15 21:04:51.707611]: Percentage Done: 0.71429%
[2024-06-15 21:04:51.719706]: Processing File 50 / 88.  True Label 1
[2024-06-15 21:04:53.904433]: File 50 / 88: Predicted Value: 0.48183175921440125 ; True Value: 1
[2024-06-15 21:04:53.904451]: File 50 / 88: Loss: 0.7301602959632874
[2024-06-15 21:04:53.904932]: Projected Completion Date: 2024-06-16 14:54:18.064226
[2024-06-15 21:04:53.904942]: Percentage Done: 0.72857%
[2024-06-15 21:04:53.935291]: Processing File 51 / 88.  True Label 1
[2024-06-15 21:05:00.682403]: File 51 / 88: Predicted Value: 0.481326162815094 ; True Value: 1
[2024-06-15 21:05:00.682446]: File 51 / 88: Loss: 0.7312101721763611
[2024-06-15 21:05:00.682892]: Updating Network
[2024-06-15 21:05:00.682909]: Accummulated Losses (Unnormalised): [0.6697, 0.6606, 0.7302, 0.7312]
[2024-06-15 21:05:00.682949]: Accummulated Losses (Averaged): 0.697917178273201
[2024-06-15 21:05:00.683331]: Projected Completion Date: 2024-06-16 14:48:47.558827
[2024-06-15 21:05:00.683341]: Percentage Done: 0.74286%
[2024-06-15 21:05:00.752804]: Processing File 52 / 88.  True Label 0
[2024-06-15 21:05:17.180832]: File 52 / 88: Predicted Value: 0.487896203994751 ; True Value: 0
[2024-06-15 21:05:17.180858]: File 52 / 88: Loss: 0.6692279577255249
[2024-06-15 21:05:17.181576]: Projected Completion Date: 2024-06-16 15:04:53.277980
[2024-06-15 21:05:17.181589]: Percentage Done: 0.75714%
[2024-06-15 21:05:17.244727]: Processing File 53 / 88.  True Label 0
[2024-06-15 21:05:26.800779]: File 53 / 88: Predicted Value: 0.4857873022556305 ; True Value: 0
[2024-06-15 21:05:26.800808]: File 53 / 88: Loss: 0.6651182770729065
[2024-06-15 21:05:26.801563]: Projected Completion Date: 2024-06-16 15:05:31.605420
[2024-06-15 21:05:26.801574]: Percentage Done: 0.77143%
[2024-06-15 21:05:26.835335]: Processing File 54 / 88.  True Label 0
[2024-06-15 21:05:33.971694]: File 54 / 88: Predicted Value: 0.48294177651405334 ; True Value: 0
[2024-06-15 21:05:33.971725]: File 54 / 88: Loss: 0.659599781036377
[2024-06-15 21:05:33.972479]: Projected Completion Date: 2024-06-16 15:00:56.838136
[2024-06-15 21:05:33.972490]: Percentage Done: 0.78571%
[2024-06-15 21:05:34.031928]: Processing File 55 / 88.  True Label 0
[2024-06-15 21:05:47.490107]: File 55 / 88: Predicted Value: 0.4858507812023163 ; True Value: 0
[2024-06-15 21:05:47.490141]: File 55 / 88: Loss: 0.6652417182922363
[2024-06-15 21:05:47.490883]: Updating Network
[2024-06-15 21:05:47.490900]: Accummulated Losses (Unnormalised): [0.6692, 0.6651, 0.6596, 0.6652]
[2024-06-15 21:05:47.490948]: Accummulated Losses (Averaged): 0.6647969335317612
[2024-06-15 21:05:47.492780]: Projected Completion Date: 2024-06-16 15:09:45.555160
[2024-06-15 21:05:47.492800]: Percentage Done: 0.8%
[2024-06-15 21:05:47.544791]: Processing File 56 / 88.  True Label 1
[2024-06-15 21:05:58.999863]: File 56 / 88: Predicted Value: 0.4802675247192383 ; True Value: 1
[2024-06-15 21:05:58.999933]: File 56 / 88: Loss: 0.733411967754364
[2024-06-15 21:05:59.000495]: Projected Completion Date: 2024-06-16 15:14:08.563705
[2024-06-15 21:05:59.000514]: Percentage Done: 0.81429%
[2024-06-15 21:05:59.092608]: Processing File 57 / 88.  True Label 0
[2024-06-15 21:06:19.737197]: File 57 / 88: Predicted Value: 0.48740723729133606 ; True Value: 0
[2024-06-15 21:06:19.737250]: File 57 / 88: Loss: 0.6682735681533813
[2024-06-15 21:06:19.737825]: Projected Completion Date: 2024-06-16 15:36:56.421406
[2024-06-15 21:06:19.737844]: Percentage Done: 0.82857%
[2024-06-15 21:06:19.761837]: Processing File 58 / 88.  True Label 1
[2024-06-15 21:06:22.070332]: File 58 / 88: Predicted Value: 0.47558802366256714 ; True Value: 1
[2024-06-15 21:06:22.070355]: File 58 / 88: Loss: 0.7432032823562622
[2024-06-15 21:06:22.070812]: Projected Completion Date: 2024-06-16 15:22:34.345988
[2024-06-15 21:06:22.070822]: Percentage Done: 0.84286%
[2024-06-15 21:06:22.132932]: Processing File 59 / 88.  True Label 0
[2024-06-15 21:06:36.513665]: File 59 / 88: Predicted Value: 0.4920245409011841 ; True Value: 0
[2024-06-15 21:06:36.513694]: File 59 / 88: Loss: 0.6773221492767334
[2024-06-15 21:06:36.514166]: Updating Network
[2024-06-15 21:06:36.514183]: Accummulated Losses (Unnormalised): [0.7334, 0.6683, 0.7432, 0.6773]
[2024-06-15 21:06:36.514228]: Accummulated Losses (Averaged): 0.7055527418851852
[2024-06-15 21:06:36.514606]: Projected Completion Date: 2024-06-16 15:32:13.932198
[2024-06-15 21:06:36.514617]: Percentage Done: 0.85714%
[2024-06-15 21:06:36.554658]: Processing File 60 / 88.  True Label 0
[2024-06-15 21:06:44.786519]: File 60 / 88: Predicted Value: 0.48126527667045593 ; True Value: 0
[2024-06-15 21:06:44.786562]: File 60 / 88: Loss: 0.6563626527786255
[2024-06-15 21:06:44.787006]: Projected Completion Date: 2024-06-16 15:29:46.323964
[2024-06-15 21:06:44.787017]: Percentage Done: 0.87143%
[2024-06-15 21:06:44.816082]: Processing File 61 / 88.  True Label 1
[2024-06-15 21:06:51.073134]: File 61 / 88: Predicted Value: 0.4784221351146698 ; True Value: 1
[2024-06-15 21:06:51.073166]: File 61 / 88: Loss: 0.7372618317604065
[2024-06-15 21:06:51.073691]: Projected Completion Date: 2024-06-16 15:23:39.282295
[2024-06-15 21:06:51.073705]: Percentage Done: 0.88571%
[2024-06-15 21:06:51.116761]: Processing File 62 / 88.  True Label 0
[2024-06-15 21:07:00.405158]: File 62 / 88: Predicted Value: 0.4847911596298218 ; True Value: 0
[2024-06-15 21:07:00.405188]: File 62 / 88: Loss: 0.6631829738616943
[2024-06-15 21:07:00.405641]: Projected Completion Date: 2024-06-16 15:23:22.256708
[2024-06-15 21:07:00.405651]: Percentage Done: 0.9%
[2024-06-15 21:07:00.428368]: Processing File 63 / 88.  True Label 1
[2024-06-15 21:07:04.434943]: File 63 / 88: Predicted Value: 0.4784342646598816 ; True Value: 1
[2024-06-15 21:07:04.434966]: File 63 / 88: Loss: 0.7372364401817322
[2024-06-15 21:07:04.435425]: Updating Network
[2024-06-15 21:07:04.435441]: Accummulated Losses (Unnormalised): [0.6564, 0.7373, 0.6632, 0.7372]
[2024-06-15 21:07:04.435479]: Accummulated Losses (Averaged): 0.6985109746456146
[2024-06-15 21:07:04.436810]: Projected Completion Date: 2024-06-16 15:13:25.989308
[2024-06-15 21:07:04.436821]: Percentage Done: 0.91429%
[2024-06-15 21:07:04.448747]: Processing File 64 / 88.  True Label 1
[2024-06-15 21:07:06.145030]: File 64 / 88: Predicted Value: 0.48204073309898376 ; True Value: 1
[2024-06-15 21:07:06.145051]: File 64 / 88: Loss: 0.7297266721725464
[2024-06-15 21:07:06.145785]: Projected Completion Date: 2024-06-16 14:59:37.986720
[2024-06-15 21:07:06.145795]: Percentage Done: 0.92857%
[2024-06-15 21:07:06.150508]: Processing File 65 / 88.  True Label 1
[2024-06-15 21:07:06.784449]: File 65 / 88: Predicted Value: 0.4762517511844635 ; True Value: 1
[2024-06-15 21:07:06.784468]: File 65 / 88: Loss: 0.7418086528778076
[2024-06-15 21:07:06.784850]: Projected Completion Date: 2024-06-16 14:44:21.600544
[2024-06-15 21:07:06.784859]: Percentage Done: 0.94286%
[2024-06-15 21:07:06.869406]: Processing File 66 / 88.  True Label 1
[2024-06-15 21:07:27.304569]: File 66 / 88: Predicted Value: 0.4842083156108856 ; True Value: 1
[2024-06-15 21:07:27.304598]: File 66 / 88: Loss: 0.7252400517463684
[2024-06-15 21:07:27.305083]: Projected Completion Date: 2024-06-16 15:04:09.705253
[2024-06-15 21:07:27.305094]: Percentage Done: 0.95714%
[2024-06-15 21:07:27.341095]: Processing File 67 / 88.  True Label 0
[2024-06-15 21:07:34.797553]: File 67 / 88: Predicted Value: 0.4784844219684601 ; True Value: 0
[2024-06-15 21:07:34.797582]: File 67 / 88: Loss: 0.651016116142273
[2024-06-15 21:07:34.798026]: Updating Network
[2024-06-15 21:07:34.798043]: Accummulated Losses (Unnormalised): [0.7297, 0.7418, 0.7252, 0.651]
[2024-06-15 21:07:34.798085]: Accummulated Losses (Averaged): 0.7119478732347488
[2024-06-15 21:07:34.798469]: Projected Completion Date: 2024-06-16 15:01:01.866319
[2024-06-15 21:07:34.798479]: Percentage Done: 0.97143%
[2024-06-15 21:07:34.809845]: Processing File 68 / 88.  True Label 1
[2024-06-15 21:07:36.690302]: File 68 / 88: Predicted Value: 0.47841712832450867 ; True Value: 1
[2024-06-15 21:07:36.690323]: File 68 / 88: Loss: 0.7372722625732422
[2024-06-15 21:07:36.690734]: Projected Completion Date: 2024-06-16 14:48:31.243418
[2024-06-15 21:07:36.690744]: Percentage Done: 0.98571%
[2024-06-15 21:07:36.710754]: Processing File 69 / 88.  True Label 1
[2024-06-15 21:07:40.825482]: File 69 / 88: Predicted Value: 0.47662365436553955 ; True Value: 1
[2024-06-15 21:07:40.825507]: File 69 / 88: Loss: 0.7410280704498291
[2024-06-15 21:07:40.825961]: Projected Completion Date: 2024-06-16 14:40:06.362407
[2024-06-15 21:07:40.825971]: Percentage Done: 1.0%
[2024-06-15 21:07:40.880508]: Processing File 70 / 88.  True Label 0
[2024-06-15 21:07:51.751239]: File 70 / 88: Predicted Value: 0.48061737418174744 ; True Value: 0
[2024-06-15 21:07:51.751265]: File 70 / 88: Loss: 0.6551144123077393
[2024-06-15 21:07:51.751793]: Projected Completion Date: 2024-06-16 14:43:05.198966
[2024-06-15 21:07:51.751804]: Percentage Done: 1.01429%
[2024-06-15 21:07:51.784346]: Processing File 71 / 88.  True Label 0
[2024-06-15 21:07:58.430112]: File 71 / 88: Predicted Value: 0.48630523681640625 ; True Value: 0
[2024-06-15 21:07:58.430152]: File 71 / 88: Loss: 0.666126012802124
[2024-06-15 21:07:58.430665]: Updating Network
[2024-06-15 21:07:58.430682]: Accummulated Losses (Unnormalised): [0.7373, 0.741, 0.6551, 0.6661]
[2024-06-15 21:07:58.430718]: Accummulated Losses (Averaged): 0.6998851895332336
[2024-06-15 21:07:58.431074]: Projected Completion Date: 2024-06-16 14:39:06.210429
[2024-06-15 21:07:58.431083]: Percentage Done: 1.02857%
[2024-06-15 21:07:58.461251]: Processing File 72 / 88.  True Label 1
[2024-06-15 21:08:04.910851]: File 72 / 88: Predicted Value: 0.47788751125335693 ; True Value: 1
[2024-06-15 21:08:04.910881]: File 72 / 88: Loss: 0.7383798956871033
[2024-06-15 21:08:04.911336]: Projected Completion Date: 2024-06-16 14:34:54.684439
[2024-06-15 21:08:04.911346]: Percentage Done: 1.04286%
[2024-06-15 21:08:04.951480]: Processing File 73 / 88.  True Label 0
[2024-06-15 21:08:11.821842]: File 73 / 88: Predicted Value: 0.4854045510292053 ; True Value: 0
[2024-06-15 21:08:11.821866]: File 73 / 88: Loss: 0.6643742322921753
[2024-06-15 21:08:11.822383]: Projected Completion Date: 2024-06-16 14:31:30.706084
[2024-06-15 21:08:11.822394]: Percentage Done: 1.05714%
[2024-06-15 21:08:11.846354]: Processing File 74 / 88.  True Label 1
[2024-06-15 21:08:15.842454]: File 74 / 88: Predicted Value: 0.477255642414093 ; True Value: 1
[2024-06-15 21:08:15.842474]: File 74 / 88: Loss: 0.7397029995918274
[2024-06-15 21:08:15.842987]: Projected Completion Date: 2024-06-16 14:23:42.393018
[2024-06-15 21:08:15.842997]: Percentage Done: 1.07143%
[2024-06-15 21:08:15.879267]: Processing File 75 / 88.  True Label 0
[2024-06-15 21:08:24.497586]: File 75 / 88: Predicted Value: 0.4817723035812378 ; True Value: 0
[2024-06-15 21:08:24.497613]: File 75 / 88: Loss: 0.6573405861854553
[2024-06-15 21:08:24.498118]: Updating Network
[2024-06-15 21:08:24.498138]: Accummulated Losses (Unnormalised): [0.7384, 0.6644, 0.7397, 0.6573]
[2024-06-15 21:08:24.498176]: Accummulated Losses (Averaged): 0.6999494284391403
[2024-06-15 21:08:24.499707]: Projected Completion Date: 2024-06-16 14:23:13.414865
[2024-06-15 21:08:24.499717]: Percentage Done: 1.08571%
[2024-06-15 21:08:24.521643]: Processing File 76 / 88.  True Label 1
[2024-06-15 21:08:27.005749]: File 76 / 88: Predicted Value: 0.4789502024650574 ; True Value: 1
[2024-06-15 21:08:27.005766]: File 76 / 88: Loss: 0.7361586689949036
[2024-06-15 21:08:27.006268]: Projected Completion Date: 2024-06-16 14:13:26.083498
[2024-06-15 21:08:27.006278]: Percentage Done: 1.1%
[2024-06-15 21:08:27.052884]: Processing File 77 / 88.  True Label 0
[2024-06-15 21:08:37.885994]: File 77 / 88: Predicted Value: 0.4827636182308197 ; True Value: 0
[2024-06-15 21:08:37.886025]: File 77 / 88: Loss: 0.6592552661895752
[2024-06-15 21:08:37.886481]: Projected Completion Date: 2024-06-16 14:16:25.294074
[2024-06-15 21:08:37.886492]: Percentage Done: 1.11429%
[2024-06-15 21:08:37.946455]: Processing File 78 / 88.  True Label 0
[2024-06-15 21:08:51.785967]: File 78 / 88: Predicted Value: 0.4870780408382416 ; True Value: 0
[2024-06-15 21:08:51.785994]: File 78 / 88: Loss: 0.6676315665245056
[2024-06-15 21:08:51.786539]: Projected Completion Date: 2024-06-16 14:23:47.548052
[2024-06-15 21:08:51.786550]: Percentage Done: 1.12857%
[2024-06-15 21:08:51.794407]: Processing File 79 / 88.  True Label 1
[2024-06-15 21:08:52.849356]: File 79 / 88: Predicted Value: 0.47473588585853577 ; True Value: 1
[2024-06-15 21:08:52.849373]: File 79 / 88: Loss: 0.7449966669082642
[2024-06-15 21:08:52.849822]: Updating Network
[2024-06-15 21:08:52.849836]: Accummulated Losses (Unnormalised): [0.7362, 0.6593, 0.6676, 0.745]
[2024-06-15 21:08:52.849864]: Accummulated Losses (Averaged): 0.7020105421543121
[2024-06-15 21:08:52.850203]: Projected Completion Date: 2024-06-16 14:12:15.562368
[2024-06-15 21:08:52.850212]: Percentage Done: 1.14286%
[2024-06-15 21:08:52.852273]: Processing File 80 / 88.  True Label 1
[2024-06-15 21:08:52.984817]: File 80 / 88: Predicted Value: 0.47323280572891235 ; True Value: 1
[2024-06-15 21:08:52.984832]: File 80 / 88: Loss: 0.7481678128242493
[2024-06-15 21:08:52.985336]: Projected Completion Date: 2024-06-16 13:59:40.418004
[2024-06-15 21:08:52.985345]: Percentage Done: 1.15714%
[2024-06-15 21:08:53.058693]: Processing File 81 / 88.  True Label 0
[2024-06-15 21:09:11.665000]: File 81 / 88: Predicted Value: 0.49122512340545654 ; True Value: 0
[2024-06-15 21:09:11.665024]: File 81 / 88: Loss: 0.675749659538269
[2024-06-15 21:09:11.665591]: Projected Completion Date: 2024-06-16 14:13:46.812721
[2024-06-15 21:09:11.665603]: Percentage Done: 1.17143%
[2024-06-15 21:09:11.694690]: Processing File 82 / 88.  True Label 0
[2024-06-15 21:09:18.031542]: File 82 / 88: Predicted Value: 0.48185986280441284 ; True Value: 0
[2024-06-15 21:09:18.031566]: File 82 / 88: Loss: 0.6575095653533936
[2024-06-15 21:09:18.032288]: Projected Completion Date: 2024-06-16 14:10:14.319355
[2024-06-15 21:09:18.032308]: Percentage Done: 1.18571%
[2024-06-15 21:09:18.045372]: Processing File 83 / 88.  True Label 1
[2024-06-15 21:09:20.155035]: File 83 / 88: Predicted Value: 0.4791935086250305 ; True Value: 1
[2024-06-15 21:09:20.155056]: File 83 / 88: Loss: 0.7356507778167725
[2024-06-15 21:09:20.155752]: Updating Network
[2024-06-15 21:09:20.155767]: Accummulated Losses (Unnormalised): [0.7482, 0.6757, 0.6575, 0.7357]
[2024-06-15 21:09:20.155796]: Accummulated Losses (Averaged): 0.7042694538831711
[2024-06-15 21:09:20.156164]: Projected Completion Date: 2024-06-16 14:00:53.317398
[2024-06-15 21:09:20.156174]: Percentage Done: 1.2%
[2024-06-15 21:09:20.165109]: Processing File 84 / 88.  True Label 1
[2024-06-15 21:09:21.729572]: File 84 / 88: Predicted Value: 0.47420796751976013 ; True Value: 1
[2024-06-15 21:09:21.729592]: File 84 / 88: Loss: 0.7461093068122864
[2024-06-15 21:09:21.730245]: Projected Completion Date: 2024-06-16 13:51:00.238218
[2024-06-15 21:09:21.730254]: Percentage Done: 1.21429%
[2024-06-15 21:09:21.757863]: Processing File 85 / 88.  True Label 0
[2024-06-15 21:09:27.827642]: File 85 / 88: Predicted Value: 0.48169562220573425 ; True Value: 0
[2024-06-15 21:09:27.827681]: File 85 / 88: Loss: 0.657192587852478
[2024-06-15 21:09:27.828423]: Projected Completion Date: 2024-06-16 13:47:29.191584
[2024-06-15 21:09:27.828435]: Percentage Done: 1.22857%
[2024-06-15 21:09:27.866374]: Processing File 86 / 88.  True Label 1
[2024-06-15 21:09:36.567034]: File 86 / 88: Predicted Value: 0.4807016849517822 ; True Value: 1
[2024-06-15 21:09:36.567073]: File 86 / 88: Loss: 0.7325084209442139
[2024-06-15 21:09:36.567617]: Projected Completion Date: 2024-06-16 13:47:35.491734
[2024-06-15 21:09:36.567628]: Percentage Done: 1.24286%
[2024-06-15 21:09:36.594372]: Processing File 87 / 88.  True Label 1
[2024-06-15 21:09:42.309587]: File 87 / 88: Predicted Value: 0.4800552725791931 ; True Value: 1
[2024-06-15 21:09:42.309612]: File 87 / 88: Loss: 0.7338540554046631
[2024-06-15 21:09:42.310127]: Updating Network
[2024-06-15 21:09:42.310143]: Accummulated Losses (Unnormalised): [0.7461, 0.6572, 0.7325, 0.7339]
[2024-06-15 21:09:42.310175]: Accummulated Losses (Averaged): 0.7174160927534103
[2024-06-15 21:09:42.312026]: Projected Completion Date: 2024-06-16 13:43:43.428049
[2024-06-15 21:09:42.312036]: Percentage Done: 1.25714%
[2024-06-15 21:09:42.329057]: Epoch 0 / 50 - Validation
[2024-06-15 21:09:42.362756]: Processing File 0 / 23.  True Label 1
[2024-06-15 21:09:42.362766]: Embedding File
[2024-06-15 21:09:50.040717]: Reducing Dimensionality
[2024-06-15 21:09:50.040733]: Tensoring
[2024-06-15 21:09:50.041206]: Creating Prediction
[2024-06-15 21:09:50.041832]: Computing Loss & Backpropagation
[2024-06-15 21:09:50.041921]: File 0 / 23: Predicted Value: 0.4811226427555084 ; True Value: 1
[2024-06-15 21:09:50.041934]: File 0 / 23: Loss: 0.7316330671310425
[2024-06-15 21:09:50.041948]: Projected Completion Date: 2024-06-16 13:42:32.743296
[2024-06-15 21:09:50.041957]: Percentage Done: 1.27143%
[2024-06-15 21:09:50.061709]: Processing File 1 / 23.  True Label 1
[2024-06-15 21:09:50.061717]: Embedding File
[2024-06-15 21:09:53.679236]: Reducing Dimensionality
[2024-06-15 21:09:53.679245]: Tensoring
[2024-06-15 21:09:53.679604]: Creating Prediction
[2024-06-15 21:09:53.680166]: Computing Loss & Backpropagation
[2024-06-15 21:09:53.680231]: File 1 / 23: Predicted Value: 0.48291143774986267 ; True Value: 1
[2024-06-15 21:09:53.680245]: File 1 / 23: Loss: 0.7279220223426819
[2024-06-15 21:09:53.680257]: Projected Completion Date: 2024-06-16 13:36:05.392448
[2024-06-15 21:09:53.680265]: Percentage Done: 1.28571%
[2024-06-15 21:09:53.682625]: Processing File 2 / 23.  True Label 1
[2024-06-15 21:09:53.682633]: Embedding File
[2024-06-15 21:09:53.781516]: Reducing Dimensionality
[2024-06-15 21:09:53.781521]: Tensoring
[2024-06-15 21:09:53.781580]: Creating Prediction
[2024-06-15 21:09:53.781931]: Computing Loss & Backpropagation
[2024-06-15 21:09:53.781984]: File 2 / 23: Predicted Value: 0.4753665328025818 ; True Value: 1
[2024-06-15 21:09:53.782000]: File 2 / 23: Loss: 0.7436691522598267
[2024-06-15 21:09:53.782010]: Projected Completion Date: 2024-06-16 13:25:14.512090
[2024-06-15 21:09:53.782016]: Percentage Done: 1.3%
[2024-06-15 21:09:53.792586]: Processing File 3 / 23.  True Label 1
[2024-06-15 21:09:53.792592]: Embedding File
[2024-06-15 21:09:55.827989]: Reducing Dimensionality
[2024-06-15 21:09:55.827999]: Tensoring
[2024-06-15 21:09:55.828245]: Creating Prediction
[2024-06-15 21:09:55.828699]: Computing Loss & Backpropagation
[2024-06-15 21:09:55.828759]: File 3 / 23: Predicted Value: 0.4766731262207031 ; True Value: 1
[2024-06-15 21:09:55.828772]: File 3 / 23: Loss: 0.7409242987632751
[2024-06-15 21:09:55.828783]: Projected Completion Date: 2024-06-16 13:17:05.771718
[2024-06-15 21:09:55.828790]: Percentage Done: 1.31429%
[2024-06-15 21:09:55.864194]: Processing File 4 / 23.  True Label 1
[2024-06-15 21:09:55.864204]: Embedding File
[2024-06-15 21:10:04.455483]: Reducing Dimensionality
[2024-06-15 21:10:04.455511]: Tensoring
[2024-06-15 21:10:04.456002]: Creating Prediction
[2024-06-15 21:10:04.456662]: Computing Loss & Backpropagation
[2024-06-15 21:10:04.456729]: File 4 / 23: Predicted Value: 0.47916918992996216 ; True Value: 1
[2024-06-15 21:10:04.456742]: File 4 / 23: Loss: 0.7357015609741211
[2024-06-15 21:10:04.456756]: Projected Completion Date: 2024-06-16 13:17:22.900863
[2024-06-15 21:10:04.456763]: Percentage Done: 1.32857%
[2024-06-15 21:10:04.466315]: Processing File 5 / 23.  True Label 1
[2024-06-15 21:10:04.466323]: Embedding File
[2024-06-15 21:10:05.974564]: Reducing Dimensionality
[2024-06-15 21:10:05.974571]: Tensoring
[2024-06-15 21:10:05.974838]: Creating Prediction
[2024-06-15 21:10:05.975328]: Computing Loss & Backpropagation
[2024-06-15 21:10:05.975392]: File 5 / 23: Predicted Value: 0.4777897298336029 ; True Value: 1
[2024-06-15 21:10:05.975404]: File 5 / 23: Loss: 0.7385845184326172
[2024-06-15 21:10:05.975417]: Projected Completion Date: 2024-06-16 13:08:50.248986
[2024-06-15 21:10:05.975423]: Percentage Done: 1.34286%
[2024-06-15 21:10:05.982244]: Processing File 6 / 23.  True Label 1
[2024-06-15 21:10:05.982252]: Embedding File
[2024-06-15 21:10:07.136913]: Reducing Dimensionality
[2024-06-15 21:10:07.136920]: Tensoring
[2024-06-15 21:10:07.137202]: Creating Prediction
[2024-06-15 21:10:07.137622]: Computing Loss & Backpropagation
[2024-06-15 21:10:07.137681]: File 6 / 23: Predicted Value: 0.4749718904495239 ; True Value: 1
[2024-06-15 21:10:07.137694]: File 6 / 23: Loss: 0.744499683380127
[2024-06-15 21:10:07.137706]: Projected Completion Date: 2024-06-16 13:00:02.130782
[2024-06-15 21:10:07.137713]: Percentage Done: 1.35714%
[2024-06-15 21:10:07.143824]: Processing File 7 / 23.  True Label 1
[2024-06-15 21:10:07.143831]: Embedding File
[2024-06-15 21:10:08.205859]: Reducing Dimensionality
[2024-06-15 21:10:08.205866]: Tensoring
[2024-06-15 21:10:08.206114]: Creating Prediction
[2024-06-15 21:10:08.206592]: Computing Loss & Backpropagation
[2024-06-15 21:10:08.206658]: File 7 / 23: Predicted Value: 0.47731202840805054 ; True Value: 1
[2024-06-15 21:10:08.206674]: File 7 / 23: Loss: 0.7395848631858826
[2024-06-15 21:10:08.206687]: Projected Completion Date: 2024-06-16 12:51:18.211229
[2024-06-15 21:10:08.206696]: Percentage Done: 1.37143%
[2024-06-15 21:10:08.214011]: Processing File 8 / 23.  True Label 1
[2024-06-15 21:10:08.214020]: Embedding File
[2024-06-15 21:10:09.429729]: Reducing Dimensionality
[2024-06-15 21:10:09.429736]: Tensoring
[2024-06-15 21:10:09.429982]: Creating Prediction
[2024-06-15 21:10:09.430471]: Computing Loss & Backpropagation
[2024-06-15 21:10:09.430537]: File 8 / 23: Predicted Value: 0.4765029847621918 ; True Value: 1
[2024-06-15 21:10:09.430553]: File 8 / 23: Loss: 0.741281270980835
[2024-06-15 21:10:09.430567]: Projected Completion Date: 2024-06-16 12:42:56.272463
[2024-06-15 21:10:09.430576]: Percentage Done: 1.38571%
[2024-06-15 21:10:09.432783]: Processing File 9 / 23.  True Label 1
[2024-06-15 21:10:09.432792]: Embedding File
[2024-06-15 21:10:09.683034]: Reducing Dimensionality
[2024-06-15 21:10:09.683044]: Tensoring
[2024-06-15 21:10:09.683098]: Creating Prediction
[2024-06-15 21:10:09.683526]: Computing Loss & Backpropagation
[2024-06-15 21:10:09.683577]: File 9 / 23: Predicted Value: 0.4804683327674866 ; True Value: 1
[2024-06-15 21:10:09.683589]: File 9 / 23: Loss: 0.7329939603805542
[2024-06-15 21:10:09.683600]: Projected Completion Date: 2024-06-16 12:33:35.231258
[2024-06-15 21:10:09.683605]: Percentage Done: 1.4%
[2024-06-15 21:10:09.731405]: Processing File 10 / 23.  True Label 0
[2024-06-15 21:10:09.731415]: Embedding File
[2024-06-15 21:10:21.352460]: Reducing Dimensionality
[2024-06-15 21:10:21.352475]: Tensoring
[2024-06-15 21:10:21.352971]: Creating Prediction
[2024-06-15 21:10:21.353617]: Computing Loss & Backpropagation
[2024-06-15 21:10:21.353683]: File 10 / 23: Predicted Value: 0.48182523250579834 ; True Value: 0
[2024-06-15 21:10:21.353696]: File 10 / 23: Loss: 0.6574426889419556
[2024-06-15 21:10:21.353710]: Projected Completion Date: 2024-06-16 12:37:52.792042
[2024-06-15 21:10:21.353718]: Percentage Done: 1.41429%
[2024-06-15 21:10:21.402855]: Processing File 11 / 23.  True Label 0
[2024-06-15 21:10:21.402866]: Embedding File
[2024-06-15 21:10:32.624539]: Reducing Dimensionality
[2024-06-15 21:10:32.624554]: Tensoring
[2024-06-15 21:10:32.625063]: Creating Prediction
[2024-06-15 21:10:32.625702]: Computing Loss & Backpropagation
[2024-06-15 21:10:32.625771]: File 11 / 23: Predicted Value: 0.486336886882782 ; True Value: 0
[2024-06-15 21:10:32.625784]: File 11 / 23: Loss: 0.6661876440048218
[2024-06-15 21:10:32.625796]: Projected Completion Date: 2024-06-16 12:41:37.340124
[2024-06-15 21:10:32.625804]: Percentage Done: 1.42857%
[2024-06-15 21:10:32.709953]: Processing File 12 / 23.  True Label 0
[2024-06-15 21:10:32.709965]: Embedding File
[2024-06-15 21:10:53.114670]: Reducing Dimensionality
[2024-06-15 21:10:53.114684]: Tensoring
[2024-06-15 21:10:53.122571]: Creating Prediction
[2024-06-15 21:10:53.123417]: Computing Loss & Backpropagation
[2024-06-15 21:10:53.123491]: File 12 / 23: Predicted Value: 0.4939895272254944 ; True Value: 0
[2024-06-15 21:10:53.123503]: File 12 / 23: Loss: 0.6811979413032532
[2024-06-15 21:10:53.123517]: Projected Completion Date: 2024-06-16 12:55:56.842076
[2024-06-15 21:10:53.123525]: Percentage Done: 1.44286%
[2024-06-15 21:10:53.212485]: Processing File 13 / 23.  True Label 0
[2024-06-15 21:10:53.212497]: Embedding File
[2024-06-15 21:11:14.551846]: Reducing Dimensionality
[2024-06-15 21:11:14.551862]: Tensoring
[2024-06-15 21:11:14.559769]: Creating Prediction
[2024-06-15 21:11:14.560629]: Computing Loss & Backpropagation
[2024-06-15 21:11:14.560702]: File 13 / 23: Predicted Value: 0.4891458749771118 ; True Value: 0
[2024-06-15 21:11:14.560715]: File 13 / 23: Loss: 0.6716712117195129
[2024-06-15 21:11:14.560729]: Projected Completion Date: 2024-06-16 13:11:03.965907
[2024-06-15 21:11:14.560736]: Percentage Done: 1.45714%
[2024-06-15 21:11:14.625758]: Processing File 14 / 23.  True Label 0
[2024-06-15 21:11:14.625770]: Embedding File
[2024-06-15 21:11:28.935844]: Reducing Dimensionality
[2024-06-15 21:11:28.935858]: Tensoring
[2024-06-15 21:11:28.936416]: Creating Prediction
[2024-06-15 21:11:28.937071]: Computing Loss & Backpropagation
[2024-06-15 21:11:28.937145]: File 14 / 23: Predicted Value: 0.48405516147613525 ; True Value: 0
[2024-06-15 21:11:28.937158]: File 14 / 23: Loss: 0.6617554426193237
[2024-06-15 21:11:28.937170]: Projected Completion Date: 2024-06-16 13:17:53.617590
[2024-06-15 21:11:28.937179]: Percentage Done: 1.47143%
[2024-06-15 21:11:28.974922]: Processing File 15 / 23.  True Label 0
[2024-06-15 21:11:28.974934]: Embedding File
[2024-06-15 21:11:37.317520]: Reducing Dimensionality
[2024-06-15 21:11:37.317536]: Tensoring
[2024-06-15 21:11:37.318023]: Creating Prediction
[2024-06-15 21:11:37.318692]: Computing Loss & Backpropagation
[2024-06-15 21:11:37.318761]: File 15 / 23: Predicted Value: 0.48254862427711487 ; True Value: 0
[2024-06-15 21:11:37.318774]: File 15 / 23: Loss: 0.6588397026062012
[2024-06-15 21:11:37.318792]: Projected Completion Date: 2024-06-16 13:17:51.893705
[2024-06-15 21:11:37.318801]: Percentage Done: 1.48571%
[2024-06-15 21:11:37.360232]: Processing File 16 / 23.  True Label 0
[2024-06-15 21:11:37.360246]: Embedding File
[2024-06-15 21:11:45.086614]: Reducing Dimensionality
[2024-06-15 21:11:45.086629]: Tensoring
[2024-06-15 21:11:45.087112]: Creating Prediction
[2024-06-15 21:11:45.087773]: Computing Loss & Backpropagation
[2024-06-15 21:11:45.087841]: File 16 / 23: Predicted Value: 0.4826192557811737 ; True Value: 0
[2024-06-15 21:11:45.087853]: File 16 / 23: Loss: 0.6589761972427368
[2024-06-15 21:11:45.087867]: Projected Completion Date: 2024-06-16 13:17:09.366351
[2024-06-15 21:11:45.087875]: Percentage Done: 1.5%
[2024-06-15 21:11:45.131076]: Processing File 17 / 23.  True Label 0
[2024-06-15 21:11:45.131085]: Embedding File
[2024-06-15 21:11:54.862203]: Reducing Dimensionality
[2024-06-15 21:11:54.862243]: Tensoring
[2024-06-15 21:11:54.862749]: Creating Prediction
[2024-06-15 21:11:54.863384]: Computing Loss & Backpropagation
[2024-06-15 21:11:54.863453]: File 17 / 23: Predicted Value: 0.4800170361995697 ; True Value: 0
[2024-06-15 21:11:54.863466]: File 17 / 23: Loss: 0.6539592146873474
[2024-06-15 21:11:54.863479]: Projected Completion Date: 2024-06-16 13:18:40.148512
[2024-06-15 21:11:54.863486]: Percentage Done: 1.51429%
[2024-06-15 21:11:54.947700]: Processing File 18 / 23.  True Label 0
[2024-06-15 21:11:54.947711]: Embedding File
[2024-06-15 21:12:13.633495]: Reducing Dimensionality
[2024-06-15 21:12:13.633510]: Tensoring
[2024-06-15 21:12:13.640733]: Creating Prediction
[2024-06-15 21:12:13.641573]: Computing Loss & Backpropagation
[2024-06-15 21:12:13.641641]: File 18 / 23: Predicted Value: 0.48327532410621643 ; True Value: 0
[2024-06-15 21:12:13.641654]: File 18 / 23: Loss: 0.6602450609207153
[2024-06-15 21:12:13.641668]: Projected Completion Date: 2024-06-16 13:29:58.187450
[2024-06-15 21:12:13.641675]: Percentage Done: 1.52857%
[2024-06-15 21:12:13.678789]: Processing File 19 / 23.  True Label 0
[2024-06-15 21:12:13.678801]: Embedding File
[2024-06-15 21:12:19.746251]: Reducing Dimensionality
[2024-06-15 21:12:19.746272]: Tensoring
[2024-06-15 21:12:19.746711]: Creating Prediction
[2024-06-15 21:12:19.747330]: Computing Loss & Backpropagation
[2024-06-15 21:12:19.747395]: File 19 / 23: Predicted Value: 0.49555158615112305 ; True Value: 0
[2024-06-15 21:12:19.747407]: File 19 / 23: Loss: 0.6842896938323975
[2024-06-15 21:12:19.747422]: Projected Completion Date: 2024-06-16 13:27:22.308535
[2024-06-15 21:12:19.747428]: Percentage Done: 1.54286%
[2024-06-15 21:12:19.801274]: Processing File 20 / 23.  True Label 0
[2024-06-15 21:12:19.801284]: Embedding File
[2024-06-15 21:12:28.996114]: Reducing Dimensionality
[2024-06-15 21:12:28.996139]: Tensoring
[2024-06-15 21:12:28.996651]: Creating Prediction
[2024-06-15 21:12:28.997298]: Computing Loss & Backpropagation
[2024-06-15 21:12:28.997370]: File 20 / 23: Predicted Value: 0.48079603910446167 ; True Value: 0
[2024-06-15 21:12:28.997382]: File 20 / 23: Loss: 0.6554585099220276
[2024-06-15 21:12:28.997396]: Projected Completion Date: 2024-06-16 13:28:11.212281
[2024-06-15 21:12:28.997404]: Percentage Done: 1.55714%
[2024-06-15 21:12:29.055839]: Processing File 21 / 23.  True Label 0
[2024-06-15 21:12:29.055850]: Embedding File
[2024-06-15 21:12:41.431802]: Reducing Dimensionality
[2024-06-15 21:12:41.431818]: Tensoring
[2024-06-15 21:12:41.432364]: Creating Prediction
[2024-06-15 21:12:41.433013]: Computing Loss & Backpropagation
[2024-06-15 21:12:41.433082]: File 21 / 23: Predicted Value: 0.4803128242492676 ; True Value: 0
[2024-06-15 21:12:41.433095]: File 21 / 23: Loss: 0.6545282602310181
[2024-06-15 21:12:41.433108]: Projected Completion Date: 2024-06-16 13:32:21.955627
[2024-06-15 21:12:41.433115]: Percentage Done: 1.57143%
[2024-06-15 21:12:41.488018]: Processing File 22 / 23.  True Label 0
[2024-06-15 21:12:41.488029]: Embedding File
[2024-06-15 21:12:51.038081]: Reducing Dimensionality
[2024-06-15 21:12:51.038124]: Tensoring
[2024-06-15 21:12:51.038597]: Creating Prediction
[2024-06-15 21:12:51.039252]: Computing Loss & Backpropagation
[2024-06-15 21:12:51.039322]: File 22 / 23: Predicted Value: 0.48069530725479126 ; True Value: 0
[2024-06-15 21:12:51.039335]: File 22 / 23: Loss: 0.6552644968032837
[2024-06-15 21:12:51.039350]: Projected Completion Date: 2024-06-16 13:33:29.745869
[2024-06-15 21:12:51.039357]: Percentage Done: 1.58571%
[2024-06-15 21:12:51.042196]: Epoch 0 / 50 - Testing.  Note: This is for K-Fold CV.
[2024-06-15 21:12:51.050853]: Processing File 0 / 29.  True Label 1
[2024-06-15 21:12:51.050869]: Embedding File
[2024-06-15 21:12:51.686148]: Reducing Dimensionality
[2024-06-15 21:12:51.686155]: Tensoring
[2024-06-15 21:12:51.686407]: Creating Prediction
[2024-06-15 21:12:51.686887]: Computing Loss & Backpropagation
[2024-06-15 21:12:51.686952]: File 0 / 29: Predicted Value: 0.475261390209198 ; True Value: 1
[2024-06-15 21:12:51.686964]: File 0 / 29: Loss: 0.7438903450965881
[2024-06-15 21:12:51.686975]: Projected Completion Date: 2024-06-16 13:25:16.412397
[2024-06-15 21:12:51.686982]: Percentage Done: 1.6%
[2024-06-15 21:12:51.697670]: Processing File 1 / 29.  True Label 1
[2024-06-15 21:12:51.697677]: Embedding File
[2024-06-15 21:12:53.688567]: Reducing Dimensionality
[2024-06-15 21:12:53.688574]: Tensoring
[2024-06-15 21:12:53.688825]: Creating Prediction
[2024-06-15 21:12:53.689300]: Computing Loss & Backpropagation
[2024-06-15 21:12:53.689364]: File 1 / 29: Predicted Value: 0.4768398106098175 ; True Value: 1
[2024-06-15 21:12:53.689377]: File 1 / 29: Loss: 0.7405746579170227
[2024-06-15 21:12:53.689388]: Projected Completion Date: 2024-06-16 13:18:35.735076
[2024-06-15 21:12:53.689395]: Percentage Done: 1.61429%
[2024-06-15 21:12:53.753478]: Processing File 2 / 29.  True Label 1
[2024-06-15 21:12:53.753490]: Embedding File
[2024-06-15 21:13:07.671803]: Reducing Dimensionality
[2024-06-15 21:13:07.671817]: Tensoring
[2024-06-15 21:13:07.672490]: Creating Prediction
[2024-06-15 21:13:07.673181]: Computing Loss & Backpropagation
[2024-06-15 21:13:07.673250]: File 2 / 29: Predicted Value: 0.4813786447048187 ; True Value: 1
[2024-06-15 21:13:07.673263]: File 2 / 29: Loss: 0.7311010956764221
[2024-06-15 21:13:07.673277]: Projected Completion Date: 2024-06-16 13:24:17.791765
[2024-06-15 21:13:07.673284]: Percentage Done: 1.62857%
[2024-06-15 21:13:07.697135]: Processing File 3 / 29.  True Label 1
[2024-06-15 21:13:07.697170]: Embedding File
[2024-06-15 21:13:11.629139]: Reducing Dimensionality
[2024-06-15 21:13:11.629151]: Tensoring
[2024-06-15 21:13:11.629523]: Creating Prediction
[2024-06-15 21:13:11.630107]: Computing Loss & Backpropagation
[2024-06-15 21:13:11.630181]: File 3 / 29: Predicted Value: 0.4783075749874115 ; True Value: 1
[2024-06-15 21:13:11.630194]: File 3 / 29: Loss: 0.7375012636184692
[2024-06-15 21:13:11.630207]: Projected Completion Date: 2024-06-16 13:19:43.563258
[2024-06-15 21:13:11.630214]: Percentage Done: 1.64286%
[2024-06-15 21:13:11.660552]: Processing File 4 / 29.  True Label 1
[2024-06-15 21:13:11.660561]: Embedding File
[2024-06-15 21:13:17.511658]: Reducing Dimensionality
[2024-06-15 21:13:17.511702]: Tensoring
[2024-06-15 21:13:17.512113]: Creating Prediction
[2024-06-15 21:13:17.512714]: Computing Loss & Backpropagation
[2024-06-15 21:13:17.512784]: File 4 / 29: Predicted Value: 0.4764249324798584 ; True Value: 1
[2024-06-15 21:13:17.512796]: File 4 / 29: Loss: 0.7414451241493225
[2024-06-15 21:13:17.512809]: Projected Completion Date: 2024-06-16 13:17:10.267075
[2024-06-15 21:13:17.512817]: Percentage Done: 1.65714%
[2024-06-15 21:13:17.530522]: Processing File 5 / 29.  True Label 1
[2024-06-15 21:13:17.530530]: Embedding File
[2024-06-15 21:13:21.016247]: Reducing Dimensionality
[2024-06-15 21:13:21.016255]: Tensoring
[2024-06-15 21:13:21.016591]: Creating Prediction
[2024-06-15 21:13:21.017150]: Computing Loss & Backpropagation
[2024-06-15 21:13:21.017219]: File 5 / 29: Predicted Value: 0.4748792052268982 ; True Value: 1
[2024-06-15 21:13:21.017231]: File 5 / 29: Loss: 0.7446948289871216
[2024-06-15 21:13:21.017257]: Projected Completion Date: 2024-06-16 13:12:17.308691
[2024-06-15 21:13:21.017265]: Percentage Done: 1.67143%
[2024-06-15 21:13:21.023868]: Processing File 6 / 29.  True Label 1
[2024-06-15 21:13:21.023876]: Embedding File
[2024-06-15 21:13:22.191373]: Reducing Dimensionality
[2024-06-15 21:13:22.191381]: Tensoring
[2024-06-15 21:13:22.191669]: Creating Prediction
[2024-06-15 21:13:22.192181]: Computing Loss & Backpropagation
[2024-06-15 21:13:22.192246]: File 6 / 29: Predicted Value: 0.4750499129295349 ; True Value: 1
[2024-06-15 21:13:22.192259]: File 6 / 29: Loss: 0.744335412979126
[2024-06-15 21:13:22.192271]: Projected Completion Date: 2024-06-16 13:05:11.128832
[2024-06-15 21:13:22.192279]: Percentage Done: 1.68571%
[2024-06-15 21:13:22.196611]: Processing File 7 / 29.  True Label 1
[2024-06-15 21:13:22.196619]: Embedding File
[2024-06-15 21:13:22.892986]: Reducing Dimensionality
[2024-06-15 21:13:22.892994]: Tensoring
[2024-06-15 21:13:22.893231]: Creating Prediction
[2024-06-15 21:13:22.893631]: Computing Loss & Backpropagation
[2024-06-15 21:13:22.893690]: File 7 / 29: Predicted Value: 0.47322821617126465 ; True Value: 1
[2024-06-15 21:13:22.893703]: File 7 / 29: Loss: 0.7481775283813477
[2024-06-15 21:13:22.893713]: Projected Completion Date: 2024-06-16 12:57:44.254624
[2024-06-15 21:13:22.893720]: Percentage Done: 1.7%
[2024-06-15 21:13:22.913588]: Processing File 8 / 29.  True Label 1
[2024-06-15 21:13:22.913596]: Embedding File
[2024-06-15 21:13:27.242776]: Reducing Dimensionality
[2024-06-15 21:13:27.242811]: Tensoring
[2024-06-15 21:13:27.243201]: Creating Prediction
[2024-06-15 21:13:27.243776]: Computing Loss & Backpropagation
[2024-06-15 21:13:27.243843]: File 8 / 29: Predicted Value: 0.4751396179199219 ; True Value: 1
[2024-06-15 21:13:27.243856]: File 8 / 29: Loss: 0.7441465854644775
[2024-06-15 21:13:27.243868]: Projected Completion Date: 2024-06-16 12:53:57.669735
[2024-06-15 21:13:27.243875]: Percentage Done: 1.71429%
[2024-06-15 21:13:27.253735]: Processing File 9 / 29.  True Label 1
[2024-06-15 21:13:27.253743]: Embedding File
[2024-06-15 21:13:28.932169]: Reducing Dimensionality
[2024-06-15 21:13:28.932187]: Tensoring
[2024-06-15 21:13:28.932439]: Creating Prediction
[2024-06-15 21:13:28.932921]: Computing Loss & Backpropagation
[2024-06-15 21:13:28.932984]: File 9 / 29: Predicted Value: 0.47665828466415405 ; True Value: 1
[2024-06-15 21:13:28.932996]: File 9 / 29: Loss: 0.7409554123878479
[2024-06-15 21:13:28.933008]: Projected Completion Date: 2024-06-16 12:47:40.887102
[2024-06-15 21:13:28.933015]: Percentage Done: 1.72857%
[2024-06-15 21:13:28.988286]: Processing File 10 / 29.  True Label 1
[2024-06-15 21:13:28.988298]: Embedding File
[2024-06-15 21:13:42.619078]: Reducing Dimensionality
[2024-06-15 21:13:42.619096]: Tensoring
[2024-06-15 21:13:42.619718]: Creating Prediction
[2024-06-15 21:13:42.620412]: Computing Loss & Backpropagation
[2024-06-15 21:13:42.620484]: File 10 / 29: Predicted Value: 0.48178166151046753 ; True Value: 1
[2024-06-15 21:13:42.620497]: File 10 / 29: Loss: 0.7302642464637756
[2024-06-15 21:13:42.620510]: Projected Completion Date: 2024-06-16 12:52:58.711802
[2024-06-15 21:13:42.620518]: Percentage Done: 1.74286%
[2024-06-15 21:13:42.626461]: Processing File 11 / 29.  True Label 1
[2024-06-15 21:13:42.626476]: Embedding File
[2024-06-15 21:13:42.763343]: Reducing Dimensionality
[2024-06-15 21:13:42.763351]: Tensoring
[2024-06-15 21:13:42.763440]: Creating Prediction
[2024-06-15 21:13:42.763898]: Computing Loss & Backpropagation
[2024-06-15 21:13:42.763958]: File 11 / 29: Predicted Value: 0.47362375259399414 ; True Value: 1
[2024-06-15 21:13:42.763971]: File 11 / 29: Loss: 0.747342050075531
[2024-06-15 21:13:42.763988]: Projected Completion Date: 2024-06-16 12:45:20.570305
[2024-06-15 21:13:42.763995]: Percentage Done: 1.75714%
[2024-06-15 21:13:42.822701]: Processing File 12 / 29.  True Label 0
[2024-06-15 21:13:42.822710]: Embedding File
[2024-06-15 21:13:56.250736]: Reducing Dimensionality
[2024-06-15 21:13:56.250761]: Tensoring
[2024-06-15 21:13:56.251316]: Creating Prediction
[2024-06-15 21:13:56.251966]: Computing Loss & Backpropagation
[2024-06-15 21:13:56.252034]: File 12 / 29: Predicted Value: 0.4849451780319214 ; True Value: 0
[2024-06-15 21:13:56.252047]: File 12 / 29: Loss: 0.6634819507598877
[2024-06-15 21:13:56.252060]: Projected Completion Date: 2024-06-16 12:50:23.142526
[2024-06-15 21:13:56.252068]: Percentage Done: 1.77143%
[2024-06-15 21:13:56.307370]: Processing File 13 / 29.  True Label 0
[2024-06-15 21:13:56.307382]: Embedding File
[2024-06-15 21:14:08.698014]: Reducing Dimensionality
[2024-06-15 21:14:08.698029]: Tensoring
[2024-06-15 21:14:08.698578]: Creating Prediction
[2024-06-15 21:14:08.699234]: Computing Loss & Backpropagation
[2024-06-15 21:14:08.699303]: File 13 / 29: Predicted Value: 0.48329487442970276 ; True Value: 0
[2024-06-15 21:14:08.699316]: File 13 / 29: Loss: 0.6602829098701477
[2024-06-15 21:14:08.699329]: Projected Completion Date: 2024-06-16 12:54:22.588386
[2024-06-15 21:14:08.699337]: Percentage Done: 1.78571%
[2024-06-15 21:14:08.754406]: Processing File 14 / 29.  True Label 0
[2024-06-15 21:14:08.754417]: Embedding File
[2024-06-15 21:14:20.778423]: Reducing Dimensionality
[2024-06-15 21:14:20.778462]: Tensoring
[2024-06-15 21:14:20.778988]: Creating Prediction
[2024-06-15 21:14:20.779648]: Computing Loss & Backpropagation
[2024-06-15 21:14:20.779717]: File 14 / 29: Predicted Value: 0.48430532217025757 ; True Value: 0
[2024-06-15 21:14:20.779731]: File 14 / 29: Loss: 0.6622403860092163
[2024-06-15 21:14:20.779744]: Projected Completion Date: 2024-06-16 12:57:57.852730
[2024-06-15 21:14:20.779752]: Percentage Done: 1.8%
[2024-06-15 21:14:20.807479]: Processing File 15 / 29.  True Label 0
[2024-06-15 21:14:20.807488]: Embedding File
[2024-06-15 21:14:26.778938]: Reducing Dimensionality
[2024-06-15 21:14:26.778980]: Tensoring
[2024-06-15 21:14:26.779394]: Creating Prediction
[2024-06-15 21:14:26.779984]: Computing Loss & Backpropagation
[2024-06-15 21:14:26.780052]: File 15 / 29: Predicted Value: 0.4846230447292328 ; True Value: 0
[2024-06-15 21:14:26.780065]: File 15 / 29: Loss: 0.6628566980361938
[2024-06-15 21:14:26.780078]: Projected Completion Date: 2024-06-16 12:55:54.604535
[2024-06-15 21:14:26.780085]: Percentage Done: 1.81429%
[2024-06-15 21:14:26.844193]: Processing File 16 / 29.  True Label 0
[2024-06-15 21:14:26.844205]: Embedding File
[2024-06-15 21:14:41.907458]: Reducing Dimensionality
[2024-06-15 21:14:41.907474]: Tensoring
[2024-06-15 21:14:41.908125]: Creating Prediction
[2024-06-15 21:14:41.908808]: Computing Loss & Backpropagation
[2024-06-15 21:14:41.908880]: File 16 / 29: Predicted Value: 0.4874075651168823 ; True Value: 0
[2024-06-15 21:14:41.908894]: File 16 / 29: Loss: 0.6682742238044739
[2024-06-15 21:14:41.908908]: Projected Completion Date: 2024-06-16 13:02:12.496664
[2024-06-15 21:14:41.908916]: Percentage Done: 1.82857%
[2024-06-15 21:14:41.959875]: Processing File 17 / 29.  True Label 0
[2024-06-15 21:14:41.959886]: Embedding File
[2024-06-15 21:14:52.799460]: Reducing Dimensionality
[2024-06-15 21:14:52.799475]: Tensoring
[2024-06-15 21:14:52.799980]: Creating Prediction
[2024-06-15 21:14:52.800635]: Computing Loss & Backpropagation
[2024-06-15 21:14:52.800702]: File 17 / 29: Predicted Value: 0.485431969165802 ; True Value: 0
[2024-06-15 21:14:52.800715]: File 17 / 29: Loss: 0.6644275188446045
[2024-06-15 21:14:52.800730]: Projected Completion Date: 2024-06-16 13:04:34.614909
[2024-06-15 21:14:52.800737]: Percentage Done: 1.84286%
[2024-06-15 21:14:52.871055]: Processing File 18 / 29.  True Label 0
[2024-06-15 21:14:52.871067]: Embedding File
[2024-06-15 21:15:09.601747]: Reducing Dimensionality
[2024-06-15 21:15:09.601763]: Tensoring
[2024-06-15 21:15:09.625129]: Creating Prediction
[2024-06-15 21:15:09.625966]: Computing Loss & Backpropagation
[2024-06-15 21:15:09.626036]: File 18 / 29: Predicted Value: 0.49062591791152954 ; True Value: 0
[2024-06-15 21:15:09.626050]: File 18 / 29: Loss: 0.6745725870132446
[2024-06-15 21:15:09.626063]: Projected Completion Date: 2024-06-16 13:12:14.043441
[2024-06-15 21:15:09.626075]: Percentage Done: 1.85714%
[2024-06-15 21:15:09.668262]: Processing File 19 / 29.  True Label 0
[2024-06-15 21:15:09.668273]: Embedding File
[2024-06-15 21:15:19.069480]: Reducing Dimensionality
[2024-06-15 21:15:19.069495]: Tensoring
[2024-06-15 21:15:19.069990]: Creating Prediction
[2024-06-15 21:15:19.070640]: Computing Loss & Backpropagation
[2024-06-15 21:15:19.070710]: File 19 / 29: Predicted Value: 0.4820159375667572 ; True Value: 0
[2024-06-15 21:15:19.070723]: File 19 / 29: Loss: 0.6578108072280884
[2024-06-15 21:15:19.070738]: Projected Completion Date: 2024-06-16 13:13:12.071407
[2024-06-15 21:15:19.070746]: Percentage Done: 1.87143%
[2024-06-15 21:15:19.112484]: Processing File 20 / 29.  True Label 0
[2024-06-15 21:15:19.112494]: Embedding File
[2024-06-15 21:15:26.241670]: Reducing Dimensionality
[2024-06-15 21:15:26.241684]: Tensoring
[2024-06-15 21:15:26.242148]: Creating Prediction
[2024-06-15 21:15:26.242769]: Computing Loss & Backpropagation
[2024-06-15 21:15:26.242839]: File 20 / 29: Predicted Value: 0.48188501596450806 ; True Value: 0
[2024-06-15 21:15:26.242852]: File 20 / 29: Loss: 0.6575580835342407
[2024-06-15 21:15:26.242865]: Projected Completion Date: 2024-06-16 13:12:08.706407
[2024-06-15 21:15:26.242873]: Percentage Done: 1.88571%
[2024-06-15 21:15:26.271201]: Processing File 21 / 29.  True Label 0
[2024-06-15 21:15:26.271211]: Embedding File
[2024-06-15 21:15:31.761839]: Reducing Dimensionality
[2024-06-15 21:15:31.761853]: Tensoring
[2024-06-15 21:15:31.762280]: Creating Prediction
[2024-06-15 21:15:31.762882]: Computing Loss & Backpropagation
[2024-06-15 21:15:31.762950]: File 21 / 29: Predicted Value: 0.4785121977329254 ; True Value: 0
[2024-06-15 21:15:31.762963]: File 21 / 29: Loss: 0.6510694026947021
[2024-06-15 21:15:31.762976]: Projected Completion Date: 2024-06-16 13:09:39.345994
[2024-06-15 21:15:31.762984]: Percentage Done: 1.9%
[2024-06-15 21:15:31.814700]: Processing File 22 / 29.  True Label 0
[2024-06-15 21:15:31.814711]: Embedding File
[2024-06-15 21:15:44.127940]: Reducing Dimensionality
[2024-06-15 21:15:44.127955]: Tensoring
[2024-06-15 21:15:44.128496]: Creating Prediction
[2024-06-15 21:15:44.129144]: Computing Loss & Backpropagation
[2024-06-15 21:15:44.129214]: File 22 / 29: Predicted Value: 0.4822620153427124 ; True Value: 0
[2024-06-15 21:15:44.129227]: File 22 / 29: Loss: 0.6582859754562378
[2024-06-15 21:15:44.129241]: Projected Completion Date: 2024-06-16 13:13:09.849651
[2024-06-15 21:15:44.129248]: Percentage Done: 1.91429%
[2024-06-15 21:15:44.166255]: Processing File 23 / 29.  True Label 0
[2024-06-15 21:15:44.166264]: Embedding File
[2024-06-15 21:15:51.827608]: Reducing Dimensionality
[2024-06-15 21:15:51.827621]: Tensoring
[2024-06-15 21:15:51.828086]: Creating Prediction
[2024-06-15 21:15:51.828718]: Computing Loss & Backpropagation
[2024-06-15 21:15:51.828787]: File 23 / 29: Predicted Value: 0.48169463872909546 ; True Value: 0
[2024-06-15 21:15:51.828801]: File 23 / 29: Loss: 0.6571906805038452
[2024-06-15 21:15:51.828814]: Projected Completion Date: 2024-06-16 13:12:35.258272
[2024-06-15 21:15:51.828821]: Percentage Done: 1.92857%
[2024-06-15 21:15:51.886352]: Processing File 24 / 29.  True Label 0
[2024-06-15 21:15:51.886363]: Embedding File
[2024-06-15 21:16:04.748339]: [INFO] Interrupted
